<?xml version="1.0" encoding="utf-8"?><testsuites name="pytest tests"><testsuite name="pytest" errors="0" failures="1" skipped="0" tests="18" time="12.612" timestamp="2026-06-08T13:24:46.031816+00:00" hostname="agent-env-04df4d31-6509-4689-997e-f8f5f844b922"><testcase classname="backend.tests.backend_test.TestAuth" name="test_login_admin" time="1.447" /><testcase classname="backend.tests.backend_test.TestAuth" name="test_login_client1" time="0.509" /><testcase classname="backend.tests.backend_test.TestAuth" name="test_login_bad_password" time="0.547" /><testcase classname="backend.tests.backend_test.TestAuth" name="test_register_new_user" time="0.485" /><testcase classname="backend.tests.backend_test.TestAuth" name="test_me_no_token" time="0.263" /><testcase classname="backend.tests.backend_test.TestAuth" name="test_me_with_bearer" time="0.725" /><testcase classname="backend.tests.backend_test.TestAuth" name="test_logout_clears_cookies" time="0.588" /><testcase classname="backend.tests.backend_test.TestProducts" name="test_list_seeded" time="0.246" /><testcase classname="backend.tests.backend_test.TestProducts" name="test_get_detector" time="0.249" /><testcase classname="backend.tests.backend_test.TestProducts" name="test_get_404" time="0.269" /><testcase classname="backend.tests.backend_test.TestProducts" name="test_create_as_client_forbidden" time="0.251" /><testcase classname="backend.tests.backend_test.TestProducts" name="test_admin_full_crud" time="1.692" /><testcase classname="backend.tests.backend_test.TestOrders" name="test_create_order_shipping_9" time="0.289" /><testcase classname="backend.tests.backend_test.TestOrders" name="test_create_order_free_shipping" time="0.282" /><testcase classname="backend.tests.backend_test.TestOrders" name="test_my_orders_isolation" time="1.046" /><testcase classname="backend.tests.backend_test.TestOrders" name="test_admin_orders_all" time="0.513" /><testcase classname="backend.tests.backend_test.TestOrders" name="test_admin_orders_client_forbidden" time="0.287" /><testcase classname="backend.tests.backend_test.TestBruteForce" name="test_lockout_after_5_fails" time="2.635"><failure message="AssertionError: Expected 429 lockout, got 401 {&quot;detail&quot;:&quot;Email ou mot de passe incorrect&quot;}&#10;assert 401 == 429&#10; +  where 401 = &lt;Response [401]&gt;.status_code">backend/tests/backend_test.py:233: in test_lockout_after_5_fails
    assert r.status_code == 429, f"Expected 429 lockout, got {r.status_code} {r.text}"
E   AssertionError: Expected 429 lockout, got 401 {"detail":"Email ou mot de passe incorrect"}
E   assert 401 == 429
E    +  where 401 = &lt;Response [401]&gt;.status_code</failure></testcase></testsuite></testsuites>